<?xml version="1.0" encoding="UTF-8"?>
<testsuite name="YatzyTest" tests="15" skipped="0" failures="0" errors="0" timestamp="2020-07-03T11:36:25" hostname="Corentin.local" time="0.304">
  <properties/>
  <testcase name="chance_scores_sum_of_all_dice" classname="YatzyTest" time="0.026"/>
  <testcase name="yatzy_scores_50" classname="YatzyTest" time="0.003"/>
  <testcase name="test_1s" classname="YatzyTest" time="0.005"/>
  <testcase name="test_2s" classname="YatzyTest" time="0.004"/>
  <testcase name="test_threes" classname="YatzyTest" time="0.003"/>
  <testcase name="fours_test" classname="YatzyTest" time="0.002"/>
  <testcase name="fives" classname="YatzyTest" time="0.007"/>
  <testcase name="sixes_test" classname="YatzyTest" time="0.006"/>
  <testcase name="one_pair" classname="YatzyTest" time="0.003"/>
  <testcase name="two_Pair" classname="YatzyTest" time="0.004"/>
  <testcase name="three_of_a_kind" classname="YatzyTest" time="0.006"/>
  <testcase name="four_of_a_kind" classname="YatzyTest" time="0.008"/>
  <testcase name="smallStraight" classname="YatzyTest" time="0.002"/>
  <testcase name="largeStraight" classname="YatzyTest" time="0.004"/>
  <testcase name="fullHouse" classname="YatzyTest" time="0.002"/>
  <system-out><![CDATA[]]></system-out>
  <system-err><![CDATA[]]></system-err>
</testsuite>
